{"C:\\Users\\Utente\\Documents\\Università\\2023-2024\\Ingegneria_del_software\\Codice\\PricePal\\backend\\models\\account.js": {"path":"C:\\Users\\Utente\\Documents\\Università\\2023-2024\\Ingegneria_del_software\\Codice\\PricePal\\backend\\models\\account.js","statementMap":{"0":{"start":{"line":1,"column":17},"end":{"line":1,"column":36}},"1":{"start":{"line":3,"column":15},"end":{"line":3,"column":30}},"2":{"start":{"line":4,"column":22},"end":{"line":20,"column":2}},"3":{"start":{"line":22,"column":0},"end":{"line":22,"column":58}}},"fnMap":{},"branchMap":{},"s":{"0":2,"1":2,"2":2,"3":2},"f":{},"b":{},"_coverageSchema":"1a1c01bbd47fc00a2c39e90264f33305004495a9","hash":"9c32afe65d25d9ab5091b998510102fc0e3252fc"}
,"C:\\Users\\Utente\\Documents\\Università\\2023-2024\\Ingegneria_del_software\\Codice\\PricePal\\backend\\models\\liste.js": {"path":"C:\\Users\\Utente\\Documents\\Università\\2023-2024\\Ingegneria_del_software\\Codice\\PricePal\\backend\\models\\liste.js","statementMap":{"0":{"start":{"line":1,"column":17},"end":{"line":1,"column":36}},"1":{"start":{"line":3,"column":15},"end":{"line":3,"column":30}},"2":{"start":{"line":4,"column":20},"end":{"line":26,"column":2}},"3":{"start":{"line":28,"column":0},"end":{"line":28,"column":54}}},"fnMap":{},"branchMap":{},"s":{"0":2,"1":2,"2":2,"3":2},"f":{},"b":{},"_coverageSchema":"1a1c01bbd47fc00a2c39e90264f33305004495a9","hash":"71019a03f7ccad651f4327da4301e96ba78dbf1d"}
,"C:\\Users\\Utente\\Documents\\Università\\2023-2024\\Ingegneria_del_software\\Codice\\PricePal\\backend\\models\\oggettiListe.js": {"path":"C:\\Users\\Utente\\Documents\\Università\\2023-2024\\Ingegneria_del_software\\Codice\\PricePal\\backend\\models\\oggettiListe.js","statementMap":{"0":{"start":{"line":1,"column":17},"end":{"line":1,"column":36}},"1":{"start":{"line":3,"column":15},"end":{"line":3,"column":30}},"2":{"start":{"line":4,"column":27},"end":{"line":17,"column":2}},"3":{"start":{"line":19,"column":0},"end":{"line":19,"column":68}}},"fnMap":{},"branchMap":{},"s":{"0":2,"1":2,"2":2,"3":2},"f":{},"b":{},"_coverageSchema":"1a1c01bbd47fc00a2c39e90264f33305004495a9","hash":"62b97dac40d4b0406bdcc2499928c03d68eb09fc"}
,"C:\\Users\\Utente\\Documents\\Università\\2023-2024\\Ingegneria_del_software\\Codice\\PricePal\\backend\\routes\\account.router.js": {"path":"C:\\Users\\Utente\\Documents\\Università\\2023-2024\\Ingegneria_del_software\\Codice\\PricePal\\backend\\routes\\account.router.js","statementMap":{"0":{"start":{"line":1,"column":16},"end":{"line":1,"column":34}},"1":{"start":{"line":2,"column":15},"end":{"line":2,"column":32}},"2":{"start":{"line":3,"column":15},"end":{"line":3,"column":31}},"3":{"start":{"line":4,"column":16},"end":{"line":4,"column":44}},"4":{"start":{"line":5,"column":14},"end":{"line":5,"column":40}},"5":{"start":{"line":6,"column":21},"end":{"line":6,"column":54}},"6":{"start":{"line":8,"column":0},"end":{"line":8,"column":27}},"7":{"start":{"line":13,"column":0},"end":{"line":41,"column":3}},"8":{"start":{"line":15,"column":30},"end":{"line":15,"column":38}},"9":{"start":{"line":17,"column":2},"end":{"line":19,"column":3}},"10":{"start":{"line":18,"column":4},"end":{"line":18,"column":59}},"11":{"start":{"line":20,"column":2},"end":{"line":22,"column":3}},"12":{"start":{"line":21,"column":4},"end":{"line":21,"column":77}},"13":{"start":{"line":24,"column":2},"end":{"line":40,"column":3}},"14":{"start":{"line":26,"column":20},"end":{"line":26,"column":50}},"15":{"start":{"line":27,"column":4},"end":{"line":29,"column":5}},"16":{"start":{"line":28,"column":6},"end":{"line":28,"column":91}},"17":{"start":{"line":31,"column":29},"end":{"line":31,"column":77}},"18":{"start":{"line":32,"column":4},"end":{"line":34,"column":5}},"19":{"start":{"line":33,"column":6},"end":{"line":33,"column":64}},"20":{"start":{"line":36,"column":4},"end":{"line":36,"column":68}},"21":{"start":{"line":38,"column":4},"end":{"line":38,"column":25}},"22":{"start":{"line":39,"column":4},"end":{"line":39,"column":63}},"23":{"start":{"line":44,"column":0},"end":{"line":70,"column":3}},"24":{"start":{"line":45,"column":36},"end":{"line":45,"column":44}},"25":{"start":{"line":47,"column":2},"end":{"line":49,"column":3}},"26":{"start":{"line":48,"column":4},"end":{"line":48,"column":60}},"27":{"start":{"line":50,"column":2},"end":{"line":52,"column":3}},"28":{"start":{"line":51,"column":4},"end":{"line":51,"column":77}},"29":{"start":{"line":54,"column":2},"end":{"line":69,"column":3}},"30":{"start":{"line":55,"column":29},"end":{"line":55,"column":59}},"31":{"start":{"line":56,"column":4},"end":{"line":58,"column":5}},"32":{"start":{"line":57,"column":6},"end":{"line":57,"column":98}},"33":{"start":{"line":60,"column":29},"end":{"line":60,"column":60}},"34":{"start":{"line":62,"column":25},"end":{"line":62,"column":81}},"35":{"start":{"line":64,"column":27},"end":{"line":64,"column":52}},"36":{"start":{"line":65,"column":4},"end":{"line":65,"column":86}},"37":{"start":{"line":67,"column":4},"end":{"line":67,"column":25}},"38":{"start":{"line":68,"column":4},"end":{"line":68,"column":71}},"39":{"start":{"line":73,"column":0},"end":{"line":97,"column":3}},"40":{"start":{"line":74,"column":24},"end":{"line":74,"column":34}},"41":{"start":{"line":76,"column":2},"end":{"line":78,"column":3}},"42":{"start":{"line":77,"column":4},"end":{"line":77,"column":77}},"43":{"start":{"line":80,"column":2},"end":{"line":96,"column":3}},"44":{"start":{"line":82,"column":29},"end":{"line":82,"column":71}},"45":{"start":{"line":84,"column":4},"end":{"line":86,"column":5}},"46":{"start":{"line":85,"column":6},"end":{"line":85,"column":68}},"47":{"start":{"line":88,"column":4},"end":{"line":88,"column":42}},"48":{"start":{"line":90,"column":4},"end":{"line":90,"column":49}},"49":{"start":{"line":92,"column":4},"end":{"line":92,"column":77}},"50":{"start":{"line":94,"column":4},"end":{"line":94,"column":25}},"51":{"start":{"line":95,"column":4},"end":{"line":95,"column":82}},"52":{"start":{"line":100,"column":0},"end":{"line":143,"column":3}},"53":{"start":{"line":101,"column":58},"end":{"line":101,"column":66}},"54":{"start":{"line":102,"column":24},"end":{"line":102,"column":34}},"55":{"start":{"line":104,"column":2},"end":{"line":106,"column":3}},"56":{"start":{"line":105,"column":4},"end":{"line":105,"column":81}},"57":{"start":{"line":108,"column":2},"end":{"line":142,"column":3}},"58":{"start":{"line":109,"column":20},"end":{"line":109,"column":53}},"59":{"start":{"line":110,"column":4},"end":{"line":112,"column":5}},"60":{"start":{"line":111,"column":6},"end":{"line":111,"column":68}},"61":{"start":{"line":114,"column":4},"end":{"line":116,"column":5}},"62":{"start":{"line":115,"column":6},"end":{"line":115,"column":65}},"63":{"start":{"line":117,"column":4},"end":{"line":122,"column":5}},"64":{"start":{"line":118,"column":31},"end":{"line":118,"column":86}},"65":{"start":{"line":119,"column":6},"end":{"line":121,"column":7}},"66":{"start":{"line":120,"column":8},"end":{"line":120,"column":80}},"67":{"start":{"line":124,"column":4},"end":{"line":126,"column":5}},"68":{"start":{"line":125,"column":6},"end":{"line":125,"column":26}},"69":{"start":{"line":128,"column":4},"end":{"line":131,"column":5}},"70":{"start":{"line":129,"column":31},"end":{"line":129,"column":67}},"71":{"start":{"line":130,"column":6},"end":{"line":130,"column":42}},"72":{"start":{"line":133,"column":4},"end":{"line":135,"column":5}},"73":{"start":{"line":134,"column":6},"end":{"line":134,"column":28}},"74":{"start":{"line":137,"column":30},"end":{"line":137,"column":50}},"75":{"start":{"line":138,"column":4},"end":{"line":138,"column":89}},"76":{"start":{"line":140,"column":4},"end":{"line":140,"column":25}},"77":{"start":{"line":141,"column":4},"end":{"line":141,"column":79}},"78":{"start":{"line":147,"column":0},"end":{"line":147,"column":24}}},"fnMap":{"0":{"name":"(anonymous_0)","decl":{"start":{"line":13,"column":22},"end":{"line":13,"column":23}},"loc":{"start":{"line":13,"column":42},"end":{"line":41,"column":1}},"line":13},"1":{"name":"(anonymous_1)","decl":{"start":{"line":44,"column":25},"end":{"line":44,"column":26}},"loc":{"start":{"line":44,"column":45},"end":{"line":70,"column":1}},"line":44},"2":{"name":"(anonymous_2)","decl":{"start":{"line":73,"column":37},"end":{"line":73,"column":38}},"loc":{"start":{"line":73,"column":57},"end":{"line":97,"column":1}},"line":73},"3":{"name":"(anonymous_3)","decl":{"start":{"line":100,"column":35},"end":{"line":100,"column":36}},"loc":{"start":{"line":100,"column":55},"end":{"line":143,"column":1}},"line":100}},"branchMap":{"0":{"loc":{"start":{"line":17,"column":2},"end":{"line":19,"column":3}},"type":"if","locations":[{"start":{"line":17,"column":2},"end":{"line":19,"column":3}},{"start":{},"end":{}}],"line":17},"1":{"loc":{"start":{"line":17,"column":6},"end":{"line":17,"column":25}},"type":"binary-expr","locations":[{"start":{"line":17,"column":6},"end":{"line":17,"column":15}},{"start":{"line":17,"column":19},"end":{"line":17,"column":25}}],"line":17},"2":{"loc":{"start":{"line":20,"column":2},"end":{"line":22,"column":3}},"type":"if","locations":[{"start":{"line":20,"column":2},"end":{"line":22,"column":3}},{"start":{},"end":{}}],"line":20},"3":{"loc":{"start":{"line":20,"column":6},"end":{"line":20,"column":63}},"type":"binary-expr","locations":[{"start":{"line":20,"column":6},"end":{"line":20,"column":34}},{"start":{"line":20,"column":38},"end":{"line":20,"column":63}}],"line":20},"4":{"loc":{"start":{"line":27,"column":4},"end":{"line":29,"column":5}},"type":"if","locations":[{"start":{"line":27,"column":4},"end":{"line":29,"column":5}},{"start":{},"end":{}}],"line":27},"5":{"loc":{"start":{"line":32,"column":4},"end":{"line":34,"column":5}},"type":"if","locations":[{"start":{"line":32,"column":4},"end":{"line":34,"column":5}},{"start":{},"end":{}}],"line":32},"6":{"loc":{"start":{"line":47,"column":2},"end":{"line":49,"column":3}},"type":"if","locations":[{"start":{"line":47,"column":2},"end":{"line":49,"column":3}},{"start":{},"end":{}}],"line":47},"7":{"loc":{"start":{"line":47,"column":6},"end":{"line":47,"column":34}},"type":"binary-expr","locations":[{"start":{"line":47,"column":6},"end":{"line":47,"column":11}},{"start":{"line":47,"column":15},"end":{"line":47,"column":21}},{"start":{"line":47,"column":25},"end":{"line":47,"column":34}}],"line":47},"8":{"loc":{"start":{"line":50,"column":2},"end":{"line":52,"column":3}},"type":"if","locations":[{"start":{"line":50,"column":2},"end":{"line":52,"column":3}},{"start":{},"end":{}}],"line":50},"9":{"loc":{"start":{"line":50,"column":6},"end":{"line":50,"column":91}},"type":"binary-expr","locations":[{"start":{"line":50,"column":6},"end":{"line":50,"column":30}},{"start":{"line":50,"column":34},"end":{"line":50,"column":59}},{"start":{"line":50,"column":63},"end":{"line":50,"column":91}}],"line":50},"10":{"loc":{"start":{"line":56,"column":4},"end":{"line":58,"column":5}},"type":"if","locations":[{"start":{"line":56,"column":4},"end":{"line":58,"column":5}},{"start":{},"end":{}}],"line":56},"11":{"loc":{"start":{"line":76,"column":2},"end":{"line":78,"column":3}},"type":"if","locations":[{"start":{"line":76,"column":2},"end":{"line":78,"column":3}},{"start":{},"end":{}}],"line":76},"12":{"loc":{"start":{"line":76,"column":6},"end":{"line":76,"column":76}},"type":"binary-expr","locations":[{"start":{"line":76,"column":6},"end":{"line":76,"column":35}},{"start":{"line":76,"column":39},"end":{"line":76,"column":76}}],"line":76},"13":{"loc":{"start":{"line":84,"column":4},"end":{"line":86,"column":5}},"type":"if","locations":[{"start":{"line":84,"column":4},"end":{"line":86,"column":5}},{"start":{},"end":{}}],"line":84},"14":{"loc":{"start":{"line":104,"column":2},"end":{"line":106,"column":3}},"type":"if","locations":[{"start":{"line":104,"column":2},"end":{"line":106,"column":3}},{"start":{},"end":{}}],"line":104},"15":{"loc":{"start":{"line":104,"column":6},"end":{"line":104,"column":57}},"type":"binary-expr","locations":[{"start":{"line":104,"column":6},"end":{"line":104,"column":16}},{"start":{"line":104,"column":20},"end":{"line":104,"column":57}}],"line":104},"16":{"loc":{"start":{"line":110,"column":4},"end":{"line":112,"column":5}},"type":"if","locations":[{"start":{"line":110,"column":4},"end":{"line":112,"column":5}},{"start":{},"end":{}}],"line":110},"17":{"loc":{"start":{"line":114,"column":4},"end":{"line":116,"column":5}},"type":"if","locations":[{"start":{"line":114,"column":4},"end":{"line":116,"column":5}},{"start":{},"end":{}}],"line":114},"18":{"loc":{"start":{"line":117,"column":4},"end":{"line":122,"column":5}},"type":"if","locations":[{"start":{"line":117,"column":4},"end":{"line":122,"column":5}},{"start":{},"end":{}}],"line":117},"19":{"loc":{"start":{"line":119,"column":6},"end":{"line":121,"column":7}},"type":"if","locations":[{"start":{"line":119,"column":6},"end":{"line":121,"column":7}},{"start":{},"end":{}}],"line":119},"20":{"loc":{"start":{"line":124,"column":4},"end":{"line":126,"column":5}},"type":"if","locations":[{"start":{"line":124,"column":4},"end":{"line":126,"column":5}},{"start":{},"end":{}}],"line":124},"21":{"loc":{"start":{"line":128,"column":4},"end":{"line":131,"column":5}},"type":"if","locations":[{"start":{"line":128,"column":4},"end":{"line":131,"column":5}},{"start":{},"end":{}}],"line":128},"22":{"loc":{"start":{"line":133,"column":4},"end":{"line":135,"column":5}},"type":"if","locations":[{"start":{"line":133,"column":4},"end":{"line":135,"column":5}},{"start":{},"end":{}}],"line":133}},"s":{"0":1,"1":1,"2":1,"3":1,"4":1,"5":1,"6":1,"7":1,"8":6,"9":6,"10":1,"11":5,"12":1,"13":4,"14":4,"15":3,"16":1,"17":2,"18":2,"19":1,"20":1,"21":1,"22":1,"23":1,"24":5,"25":5,"26":1,"27":4,"28":1,"29":3,"30":3,"31":3,"32":1,"33":2,"34":2,"35":2,"36":1,"37":1,"38":1,"39":1,"40":4,"41":4,"42":1,"43":3,"44":3,"45":2,"46":1,"47":1,"48":1,"49":1,"50":1,"51":1,"52":1,"53":6,"54":6,"55":6,"56":1,"57":5,"58":5,"59":4,"60":1,"61":3,"62":1,"63":2,"64":2,"65":2,"66":1,"67":1,"68":1,"69":1,"70":1,"71":1,"72":1,"73":1,"74":1,"75":1,"76":1,"77":1,"78":1},"f":{"0":6,"1":5,"2":4,"3":6},"b":{"0":[1,5],"1":[6,5],"2":[1,4],"3":[5,4],"4":[1,2],"5":[1,1],"6":[1,4],"7":[5,4,4],"8":[1,3],"9":[4,3,3],"10":[1,2],"11":[1,3],"12":[4,4],"13":[1,1],"14":[1,5],"15":[6,6],"16":[1,3],"17":[1,2],"18":[2,0],"19":[1,1],"20":[1,0],"21":[1,0],"22":[1,0]},"_coverageSchema":"1a1c01bbd47fc00a2c39e90264f33305004495a9","hash":"24901062c0e304a3753e26f93534509caad27627"}
,"C:\\Users\\Utente\\Documents\\Università\\2023-2024\\Ingegneria_del_software\\Codice\\PricePal\\backend\\routes\\lista.router.js": {"path":"C:\\Users\\Utente\\Documents\\Università\\2023-2024\\Ingegneria_del_software\\Codice\\PricePal\\backend\\routes\\lista.router.js","statementMap":{"0":{"start":{"line":1,"column":16},"end":{"line":1,"column":34}},"1":{"start":{"line":2,"column":15},"end":{"line":2,"column":31}},"2":{"start":{"line":3,"column":14},"end":{"line":3,"column":40}},"3":{"start":{"line":4,"column":16},"end":{"line":4,"column":44}},"4":{"start":{"line":6,"column":0},"end":{"line":6,"column":27}},"5":{"start":{"line":9,"column":0},"end":{"line":27,"column":3}},"6":{"start":{"line":10,"column":24},"end":{"line":10,"column":34}},"7":{"start":{"line":12,"column":2},"end":{"line":14,"column":3}},"8":{"start":{"line":13,"column":4},"end":{"line":13,"column":68}},"9":{"start":{"line":16,"column":2},"end":{"line":26,"column":3}},"10":{"start":{"line":17,"column":18},"end":{"line":17,"column":60}},"11":{"start":{"line":18,"column":4},"end":{"line":22,"column":5}},"12":{"start":{"line":19,"column":6},"end":{"line":19,"column":59}},"13":{"start":{"line":21,"column":6},"end":{"line":21,"column":84}},"14":{"start":{"line":24,"column":4},"end":{"line":24,"column":25}},"15":{"start":{"line":25,"column":4},"end":{"line":25,"column":113}},"16":{"start":{"line":30,"column":0},"end":{"line":46,"column":3}},"17":{"start":{"line":31,"column":2},"end":{"line":33,"column":3}},"18":{"start":{"line":32,"column":4},"end":{"line":32,"column":107}},"19":{"start":{"line":34,"column":41},"end":{"line":34,"column":49}},"20":{"start":{"line":36,"column":2},"end":{"line":45,"column":3}},"21":{"start":{"line":39,"column":23},"end":{"line":39,"column":64}},"22":{"start":{"line":40,"column":25},"end":{"line":40,"column":48}},"23":{"start":{"line":41,"column":4},"end":{"line":41,"column":85}},"24":{"start":{"line":43,"column":4},"end":{"line":43,"column":25}},"25":{"start":{"line":44,"column":4},"end":{"line":44,"column":84}},"26":{"start":{"line":49,"column":0},"end":{"line":69,"column":3}},"27":{"start":{"line":50,"column":22},"end":{"line":50,"column":32}},"28":{"start":{"line":52,"column":2},"end":{"line":54,"column":3}},"29":{"start":{"line":53,"column":4},"end":{"line":53,"column":72}},"30":{"start":{"line":56,"column":2},"end":{"line":68,"column":3}},"31":{"start":{"line":58,"column":27},"end":{"line":58,"column":65}},"32":{"start":{"line":60,"column":4},"end":{"line":64,"column":5}},"33":{"start":{"line":61,"column":6},"end":{"line":61,"column":60}},"34":{"start":{"line":63,"column":6},"end":{"line":63,"column":59}},"35":{"start":{"line":66,"column":4},"end":{"line":66,"column":25}},"36":{"start":{"line":67,"column":4},"end":{"line":67,"column":81}},"37":{"start":{"line":73,"column":0},"end":{"line":101,"column":3}},"38":{"start":{"line":74,"column":22},"end":{"line":74,"column":32}},"39":{"start":{"line":75,"column":30},"end":{"line":75,"column":38}},"40":{"start":{"line":77,"column":2},"end":{"line":79,"column":3}},"41":{"start":{"line":78,"column":4},"end":{"line":78,"column":83}},"42":{"start":{"line":80,"column":2},"end":{"line":82,"column":3}},"43":{"start":{"line":81,"column":4},"end":{"line":81,"column":65}},"44":{"start":{"line":83,"column":2},"end":{"line":85,"column":3}},"45":{"start":{"line":84,"column":4},"end":{"line":84,"column":78}},"46":{"start":{"line":87,"column":2},"end":{"line":100,"column":3}},"47":{"start":{"line":89,"column":31},"end":{"line":89,"column":41}},"48":{"start":{"line":90,"column":28},"end":{"line":90,"column":122}},"49":{"start":{"line":92,"column":4},"end":{"line":94,"column":5}},"50":{"start":{"line":93,"column":6},"end":{"line":93,"column":66}},"51":{"start":{"line":96,"column":4},"end":{"line":96,"column":94}},"52":{"start":{"line":98,"column":4},"end":{"line":98,"column":25}},"53":{"start":{"line":99,"column":4},"end":{"line":99,"column":78}},"54":{"start":{"line":103,"column":0},"end":{"line":103,"column":24}}},"fnMap":{"0":{"name":"(anonymous_0)","decl":{"start":{"line":9,"column":26},"end":{"line":9,"column":27}},"loc":{"start":{"line":9,"column":46},"end":{"line":27,"column":1}},"line":9},"1":{"name":"(anonymous_1)","decl":{"start":{"line":30,"column":17},"end":{"line":30,"column":18}},"loc":{"start":{"line":30,"column":37},"end":{"line":46,"column":1}},"line":30},"2":{"name":"(anonymous_2)","decl":{"start":{"line":49,"column":27},"end":{"line":49,"column":28}},"loc":{"start":{"line":49,"column":47},"end":{"line":69,"column":1}},"line":49},"3":{"name":"(anonymous_3)","decl":{"start":{"line":73,"column":24},"end":{"line":73,"column":25}},"loc":{"start":{"line":73,"column":44},"end":{"line":101,"column":1}},"line":73}},"branchMap":{"0":{"loc":{"start":{"line":12,"column":2},"end":{"line":14,"column":3}},"type":"if","locations":[{"start":{"line":12,"column":2},"end":{"line":14,"column":3}},{"start":{},"end":{}}],"line":12},"1":{"loc":{"start":{"line":12,"column":6},"end":{"line":12,"column":57}},"type":"binary-expr","locations":[{"start":{"line":12,"column":6},"end":{"line":12,"column":16}},{"start":{"line":12,"column":20},"end":{"line":12,"column":57}}],"line":12},"2":{"loc":{"start":{"line":18,"column":4},"end":{"line":22,"column":5}},"type":"if","locations":[{"start":{"line":18,"column":4},"end":{"line":22,"column":5}},{"start":{"line":20,"column":11},"end":{"line":22,"column":5}}],"line":18},"3":{"loc":{"start":{"line":31,"column":2},"end":{"line":33,"column":3}},"type":"if","locations":[{"start":{"line":31,"column":2},"end":{"line":33,"column":3}},{"start":{},"end":{}}],"line":31},"4":{"loc":{"start":{"line":31,"column":6},"end":{"line":31,"column":79}},"type":"binary-expr","locations":[{"start":{"line":31,"column":6},"end":{"line":31,"column":15}},{"start":{"line":31,"column":19},"end":{"line":31,"column":35}},{"start":{"line":31,"column":39},"end":{"line":31,"column":56}},{"start":{"line":31,"column":60},"end":{"line":31,"column":79}}],"line":31},"5":{"loc":{"start":{"line":52,"column":2},"end":{"line":54,"column":3}},"type":"if","locations":[{"start":{"line":52,"column":2},"end":{"line":54,"column":3}},{"start":{},"end":{}}],"line":52},"6":{"loc":{"start":{"line":60,"column":4},"end":{"line":64,"column":5}},"type":"if","locations":[{"start":{"line":60,"column":4},"end":{"line":64,"column":5}},{"start":{"line":62,"column":11},"end":{"line":64,"column":5}}],"line":60},"7":{"loc":{"start":{"line":77,"column":2},"end":{"line":79,"column":3}},"type":"if","locations":[{"start":{"line":77,"column":2},"end":{"line":79,"column":3}},{"start":{},"end":{}}],"line":77},"8":{"loc":{"start":{"line":77,"column":6},"end":{"line":77,"column":53}},"type":"binary-expr","locations":[{"start":{"line":77,"column":6},"end":{"line":77,"column":14}},{"start":{"line":77,"column":18},"end":{"line":77,"column":53}}],"line":77},"9":{"loc":{"start":{"line":80,"column":2},"end":{"line":82,"column":3}},"type":"if","locations":[{"start":{"line":80,"column":2},"end":{"line":82,"column":3}},{"start":{},"end":{}}],"line":80},"10":{"loc":{"start":{"line":83,"column":2},"end":{"line":85,"column":3}},"type":"if","locations":[{"start":{"line":83,"column":2},"end":{"line":85,"column":3}},{"start":{},"end":{}}],"line":83},"11":{"loc":{"start":{"line":92,"column":4},"end":{"line":94,"column":5}},"type":"if","locations":[{"start":{"line":92,"column":4},"end":{"line":94,"column":5}},{"start":{},"end":{}}],"line":92}},"s":{"0":1,"1":1,"2":1,"3":1,"4":1,"5":1,"6":4,"7":4,"8":1,"9":3,"10":3,"11":2,"12":1,"13":1,"14":1,"15":1,"16":1,"17":4,"18":2,"19":2,"20":2,"21":2,"22":2,"23":1,"24":1,"25":1,"26":1,"27":4,"28":4,"29":1,"30":3,"31":3,"32":2,"33":1,"34":1,"35":1,"36":1,"37":1,"38":6,"39":6,"40":6,"41":1,"42":5,"43":1,"44":4,"45":1,"46":3,"47":3,"48":3,"49":2,"50":1,"51":1,"52":1,"53":1,"54":1},"f":{"0":4,"1":4,"2":4,"3":6},"b":{"0":[1,3],"1":[4,4],"2":[1,1],"3":[2,2],"4":[4,4,3,3],"5":[1,3],"6":[1,1],"7":[1,5],"8":[6,6],"9":[1,4],"10":[1,3],"11":[1,1]},"_coverageSchema":"1a1c01bbd47fc00a2c39e90264f33305004495a9","hash":"fc3b7c3db61fe9076a2693dc5a70da1b21533b29"}
,"C:\\Users\\Utente\\Documents\\Università\\2023-2024\\Ingegneria_del_software\\Codice\\PricePal\\backend\\routes\\oggetti.router.js": {"path":"C:\\Users\\Utente\\Documents\\Università\\2023-2024\\Ingegneria_del_software\\Codice\\PricePal\\backend\\routes\\oggetti.router.js","statementMap":{"0":{"start":{"line":1,"column":16},"end":{"line":1,"column":34}},"1":{"start":{"line":2,"column":15},"end":{"line":2,"column":31}},"2":{"start":{"line":3,"column":21},"end":{"line":3,"column":54}},"3":{"start":{"line":5,"column":0},"end":{"line":5,"column":27}},"4":{"start":{"line":8,"column":0},"end":{"line":22,"column":3}},"5":{"start":{"line":9,"column":24},"end":{"line":9,"column":34}},"6":{"start":{"line":11,"column":2},"end":{"line":13,"column":3}},"7":{"start":{"line":12,"column":4},"end":{"line":12,"column":79}},"8":{"start":{"line":15,"column":2},"end":{"line":21,"column":3}},"9":{"start":{"line":16,"column":20},"end":{"line":16,"column":58}},"10":{"start":{"line":17,"column":4},"end":{"line":17,"column":80}},"11":{"start":{"line":19,"column":4},"end":{"line":19,"column":25}},"12":{"start":{"line":20,"column":4},"end":{"line":20,"column":115}},"13":{"start":{"line":26,"column":0},"end":{"line":59,"column":3}},"14":{"start":{"line":27,"column":24},"end":{"line":27,"column":34}},"15":{"start":{"line":28,"column":22},"end":{"line":28,"column":30}},"16":{"start":{"line":30,"column":2},"end":{"line":32,"column":3}},"17":{"start":{"line":31,"column":4},"end":{"line":31,"column":68}},"18":{"start":{"line":33,"column":2},"end":{"line":35,"column":3}},"19":{"start":{"line":34,"column":4},"end":{"line":34,"column":70}},"20":{"start":{"line":37,"column":2},"end":{"line":58,"column":3}},"21":{"start":{"line":41,"column":27},"end":{"line":41,"column":68}},"22":{"start":{"line":43,"column":4},"end":{"line":52,"column":5}},"23":{"start":{"line":44,"column":6},"end":{"line":48,"column":8}},"24":{"start":{"line":50,"column":25},"end":{"line":50,"column":76}},"25":{"start":{"line":51,"column":6},"end":{"line":51,"column":55}},"26":{"start":{"line":54,"column":4},"end":{"line":54,"column":101}},"27":{"start":{"line":56,"column":4},"end":{"line":56,"column":25}},"28":{"start":{"line":57,"column":4},"end":{"line":57,"column":89}},"29":{"start":{"line":62,"column":0},"end":{"line":91,"column":3}},"30":{"start":{"line":64,"column":24},"end":{"line":64,"column":34}},"31":{"start":{"line":65,"column":22},"end":{"line":65,"column":30}},"32":{"start":{"line":67,"column":2},"end":{"line":69,"column":3}},"33":{"start":{"line":68,"column":4},"end":{"line":68,"column":68}},"34":{"start":{"line":70,"column":2},"end":{"line":72,"column":3}},"35":{"start":{"line":71,"column":4},"end":{"line":71,"column":71}},"36":{"start":{"line":74,"column":2},"end":{"line":90,"column":3}},"37":{"start":{"line":76,"column":35},"end":{"line":80,"column":5}},"38":{"start":{"line":82,"column":4},"end":{"line":86,"column":5}},"39":{"start":{"line":83,"column":6},"end":{"line":83,"column":105}},"40":{"start":{"line":85,"column":6},"end":{"line":85,"column":95}},"41":{"start":{"line":88,"column":4},"end":{"line":88,"column":25}},"42":{"start":{"line":89,"column":4},"end":{"line":89,"column":91}},"43":{"start":{"line":94,"column":0},"end":{"line":113,"column":3}},"44":{"start":{"line":95,"column":24},"end":{"line":95,"column":34}},"45":{"start":{"line":97,"column":2},"end":{"line":99,"column":3}},"46":{"start":{"line":98,"column":4},"end":{"line":98,"column":68}},"47":{"start":{"line":101,"column":2},"end":{"line":112,"column":3}},"48":{"start":{"line":102,"column":19},"end":{"line":102,"column":67}},"49":{"start":{"line":104,"column":4},"end":{"line":108,"column":5}},"50":{"start":{"line":105,"column":6},"end":{"line":105,"column":64}},"51":{"start":{"line":107,"column":6},"end":{"line":107,"column":57}},"52":{"start":{"line":110,"column":4},"end":{"line":110,"column":25}},"53":{"start":{"line":111,"column":4},"end":{"line":111,"column":90}},"54":{"start":{"line":115,"column":0},"end":{"line":115,"column":24}}},"fnMap":{"0":{"name":"(anonymous_0)","decl":{"start":{"line":8,"column":26},"end":{"line":8,"column":27}},"loc":{"start":{"line":8,"column":46},"end":{"line":22,"column":1}},"line":8},"1":{"name":"(anonymous_1)","decl":{"start":{"line":26,"column":26},"end":{"line":26,"column":27}},"loc":{"start":{"line":26,"column":46},"end":{"line":59,"column":1}},"line":26},"2":{"name":"(anonymous_2)","decl":{"start":{"line":62,"column":34},"end":{"line":62,"column":35}},"loc":{"start":{"line":62,"column":54},"end":{"line":91,"column":1}},"line":62},"3":{"name":"(anonymous_3)","decl":{"start":{"line":94,"column":29},"end":{"line":94,"column":30}},"loc":{"start":{"line":94,"column":49},"end":{"line":113,"column":1}},"line":94}},"branchMap":{"0":{"loc":{"start":{"line":11,"column":2},"end":{"line":13,"column":3}},"type":"if","locations":[{"start":{"line":11,"column":2},"end":{"line":13,"column":3}},{"start":{},"end":{}}],"line":11},"1":{"loc":{"start":{"line":11,"column":6},"end":{"line":11,"column":57}},"type":"binary-expr","locations":[{"start":{"line":11,"column":6},"end":{"line":11,"column":16}},{"start":{"line":11,"column":20},"end":{"line":11,"column":57}}],"line":11},"2":{"loc":{"start":{"line":30,"column":2},"end":{"line":32,"column":3}},"type":"if","locations":[{"start":{"line":30,"column":2},"end":{"line":32,"column":3}},{"start":{},"end":{}}],"line":30},"3":{"loc":{"start":{"line":30,"column":6},"end":{"line":30,"column":57}},"type":"binary-expr","locations":[{"start":{"line":30,"column":6},"end":{"line":30,"column":16}},{"start":{"line":30,"column":20},"end":{"line":30,"column":57}}],"line":30},"4":{"loc":{"start":{"line":33,"column":2},"end":{"line":35,"column":3}},"type":"if","locations":[{"start":{"line":33,"column":2},"end":{"line":35,"column":3}},{"start":{},"end":{}}],"line":33},"5":{"loc":{"start":{"line":33,"column":6},"end":{"line":33,"column":45}},"type":"binary-expr","locations":[{"start":{"line":33,"column":6},"end":{"line":33,"column":14}},{"start":{"line":33,"column":18},"end":{"line":33,"column":45}}],"line":33},"6":{"loc":{"start":{"line":43,"column":4},"end":{"line":52,"column":5}},"type":"if","locations":[{"start":{"line":43,"column":4},"end":{"line":52,"column":5}},{"start":{"line":49,"column":11},"end":{"line":52,"column":5}}],"line":43},"7":{"loc":{"start":{"line":67,"column":2},"end":{"line":69,"column":3}},"type":"if","locations":[{"start":{"line":67,"column":2},"end":{"line":69,"column":3}},{"start":{},"end":{}}],"line":67},"8":{"loc":{"start":{"line":67,"column":6},"end":{"line":67,"column":57}},"type":"binary-expr","locations":[{"start":{"line":67,"column":6},"end":{"line":67,"column":16}},{"start":{"line":67,"column":20},"end":{"line":67,"column":57}}],"line":67},"9":{"loc":{"start":{"line":70,"column":2},"end":{"line":72,"column":3}},"type":"if","locations":[{"start":{"line":70,"column":2},"end":{"line":72,"column":3}},{"start":{},"end":{}}],"line":70},"10":{"loc":{"start":{"line":82,"column":4},"end":{"line":86,"column":5}},"type":"if","locations":[{"start":{"line":82,"column":4},"end":{"line":86,"column":5}},{"start":{"line":84,"column":11},"end":{"line":86,"column":5}}],"line":82},"11":{"loc":{"start":{"line":97,"column":2},"end":{"line":99,"column":3}},"type":"if","locations":[{"start":{"line":97,"column":2},"end":{"line":99,"column":3}},{"start":{},"end":{}}],"line":97},"12":{"loc":{"start":{"line":97,"column":6},"end":{"line":97,"column":57}},"type":"binary-expr","locations":[{"start":{"line":97,"column":6},"end":{"line":97,"column":16}},{"start":{"line":97,"column":20},"end":{"line":97,"column":57}}],"line":97},"13":{"loc":{"start":{"line":104,"column":4},"end":{"line":108,"column":5}},"type":"if","locations":[{"start":{"line":104,"column":4},"end":{"line":108,"column":5}},{"start":{"line":106,"column":11},"end":{"line":108,"column":5}}],"line":104}},"s":{"0":1,"1":1,"2":1,"3":1,"4":1,"5":4,"6":4,"7":1,"8":3,"9":3,"10":2,"11":1,"12":1,"13":1,"14":5,"15":5,"16":5,"17":1,"18":4,"19":1,"20":3,"21":3,"22":2,"23":1,"24":1,"25":1,"26":2,"27":1,"28":1,"29":1,"30":5,"31":5,"32":5,"33":1,"34":4,"35":1,"36":3,"37":3,"38":2,"39":1,"40":1,"41":1,"42":1,"43":1,"44":4,"45":4,"46":1,"47":3,"48":3,"49":2,"50":1,"51":1,"52":1,"53":1,"54":1},"f":{"0":4,"1":5,"2":5,"3":4},"b":{"0":[1,3],"1":[4,4],"2":[1,4],"3":[5,5],"4":[1,3],"5":[4,4],"6":[1,1],"7":[1,4],"8":[5,5],"9":[1,3],"10":[1,1],"11":[1,3],"12":[4,4],"13":[1,1]},"_coverageSchema":"1a1c01bbd47fc00a2c39e90264f33305004495a9","hash":"0db395b3889d8d097d422056e8854d05abee0aa9"}
}
