TN:
SF:models\account.js
FNF:0
FNH:0
DA:1,2
DA:3,2
DA:4,2
DA:22,2
LF:4
LH:4
BRF:0
BRH:0
end_of_record
TN:
SF:models\liste.js
FNF:0
FNH:0
DA:1,2
DA:3,2
DA:4,2
DA:28,2
LF:4
LH:4
BRF:0
BRH:0
end_of_record
TN:
SF:models\oggettiListe.js
FNF:0
FNH:0
DA:1,2
DA:3,2
DA:4,2
DA:19,2
LF:4
LH:4
BRF:0
BRH:0
end_of_record
TN:
SF:routes\account.router.js
FN:13,(anonymous_0)
FN:44,(anonymous_1)
FN:73,(anonymous_2)
FN:100,(anonymous_3)
FNF:4
FNH:4
FNDA:6,(anonymous_0)
FNDA:5,(anonymous_1)
FNDA:4,(anonymous_2)
FNDA:6,(anonymous_3)
DA:1,1
DA:2,1
DA:3,1
DA:4,1
DA:5,1
DA:6,1
DA:8,1
DA:13,1
DA:15,6
DA:17,6
DA:18,1
DA:20,5
DA:21,1
DA:24,4
DA:26,4
DA:27,3
DA:28,1
DA:31,2
DA:32,2
DA:33,1
DA:36,1
DA:38,1
DA:39,1
DA:44,1
DA:45,5
DA:47,5
DA:48,1
DA:50,4
DA:51,1
DA:54,3
DA:55,3
DA:56,3
DA:57,1
DA:60,2
DA:62,2
DA:64,2
DA:65,1
DA:67,1
DA:68,1
DA:73,1
DA:74,4
DA:76,4
DA:77,1
DA:80,3
DA:82,3
DA:84,2
DA:85,1
DA:88,1
DA:90,1
DA:92,1
DA:94,1
DA:95,1
DA:100,1
DA:101,6
DA:102,6
DA:104,6
DA:105,1
DA:108,5
DA:109,5
DA:110,4
DA:111,1
DA:114,3
DA:115,1
DA:117,2
DA:118,2
DA:119,2
DA:120,1
DA:124,1
DA:125,1
DA:128,1
DA:129,1
DA:130,1
DA:133,1
DA:134,1
DA:137,1
DA:138,1
DA:140,1
DA:141,1
DA:147,1
LF:79
LH:79
BRDA:17,0,0,1
BRDA:17,0,1,5
BRDA:17,1,0,6
BRDA:17,1,1,5
BRDA:20,2,0,1
BRDA:20,2,1,4
BRDA:20,3,0,5
BRDA:20,3,1,4
BRDA:27,4,0,1
BRDA:27,4,1,2
BRDA:32,5,0,1
BRDA:32,5,1,1
BRDA:47,6,0,1
BRDA:47,6,1,4
BRDA:47,7,0,5
BRDA:47,7,1,4
BRDA:47,7,2,4
BRDA:50,8,0,1
BRDA:50,8,1,3
BRDA:50,9,0,4
BRDA:50,9,1,3
BRDA:50,9,2,3
BRDA:56,10,0,1
BRDA:56,10,1,2
BRDA:76,11,0,1
BRDA:76,11,1,3
BRDA:76,12,0,4
BRDA:76,12,1,4
BRDA:84,13,0,1
BRDA:84,13,1,1
BRDA:104,14,0,1
BRDA:104,14,1,5
BRDA:104,15,0,6
BRDA:104,15,1,6
BRDA:110,16,0,1
BRDA:110,16,1,3
BRDA:114,17,0,1
BRDA:114,17,1,2
BRDA:117,18,0,2
BRDA:117,18,1,0
BRDA:119,19,0,1
BRDA:119,19,1,1
BRDA:124,20,0,1
BRDA:124,20,1,0
BRDA:128,21,0,1
BRDA:128,21,1,0
BRDA:133,22,0,1
BRDA:133,22,1,0
BRF:48
BRH:44
end_of_record
TN:
SF:routes\lista.router.js
FN:9,(anonymous_0)
FN:30,(anonymous_1)
FN:49,(anonymous_2)
FN:73,(anonymous_3)
FNF:4
FNH:4
FNDA:4,(anonymous_0)
FNDA:4,(anonymous_1)
FNDA:4,(anonymous_2)
FNDA:6,(anonymous_3)
DA:1,1
DA:2,1
DA:3,1
DA:4,1
DA:6,1
DA:9,1
DA:10,4
DA:12,4
DA:13,1
DA:16,3
DA:17,3
DA:18,2
DA:19,1
DA:21,1
DA:24,1
DA:25,1
DA:30,1
DA:31,4
DA:32,2
DA:34,2
DA:36,2
DA:39,2
DA:40,2
DA:41,1
DA:43,1
DA:44,1
DA:49,1
DA:50,4
DA:52,4
DA:53,1
DA:56,3
DA:58,3
DA:60,2
DA:61,1
DA:63,1
DA:66,1
DA:67,1
DA:73,1
DA:74,6
DA:75,6
DA:77,6
DA:78,1
DA:80,5
DA:81,1
DA:83,4
DA:84,1
DA:87,3
DA:89,3
DA:90,3
DA:92,2
DA:93,1
DA:96,1
DA:98,1
DA:99,1
DA:103,1
LF:55
LH:55
BRDA:12,0,0,1
BRDA:12,0,1,3
BRDA:12,1,0,4
BRDA:12,1,1,4
BRDA:18,2,0,1
BRDA:18,2,1,1
BRDA:31,3,0,2
BRDA:31,3,1,2
BRDA:31,4,0,4
BRDA:31,4,1,4
BRDA:31,4,2,3
BRDA:31,4,3,3
BRDA:52,5,0,1
BRDA:52,5,1,3
BRDA:60,6,0,1
BRDA:60,6,1,1
BRDA:77,7,0,1
BRDA:77,7,1,5
BRDA:77,8,0,6
BRDA:77,8,1,6
BRDA:80,9,0,1
BRDA:80,9,1,4
BRDA:83,10,0,1
BRDA:83,10,1,3
BRDA:92,11,0,1
BRDA:92,11,1,1
BRF:26
BRH:26
end_of_record
TN:
SF:routes\oggetti.router.js
FN:8,(anonymous_0)
FN:26,(anonymous_1)
FN:62,(anonymous_2)
FN:94,(anonymous_3)
FNF:4
FNH:4
FNDA:4,(anonymous_0)
FNDA:5,(anonymous_1)
FNDA:5,(anonymous_2)
FNDA:4,(anonymous_3)
DA:1,1
DA:2,1
DA:3,1
DA:5,1
DA:8,1
DA:9,4
DA:11,4
DA:12,1
DA:15,3
DA:16,3
DA:17,2
DA:19,1
DA:20,1
DA:26,1
DA:27,5
DA:28,5
DA:30,5
DA:31,1
DA:33,4
DA:34,1
DA:37,3
DA:41,3
DA:43,2
DA:44,1
DA:50,1
DA:51,1
DA:54,2
DA:56,1
DA:57,1
DA:62,1
DA:64,5
DA:65,5
DA:67,5
DA:68,1
DA:70,4
DA:71,1
DA:74,3
DA:76,3
DA:82,2
DA:83,1
DA:85,1
DA:88,1
DA:89,1
DA:94,1
DA:95,4
DA:97,4
DA:98,1
DA:101,3
DA:102,3
DA:104,2
DA:105,1
DA:107,1
DA:110,1
DA:111,1
DA:115,1
LF:55
LH:55
BRDA:11,0,0,1
BRDA:11,0,1,3
BRDA:11,1,0,4
BRDA:11,1,1,4
BRDA:30,2,0,1
BRDA:30,2,1,4
BRDA:30,3,0,5
BRDA:30,3,1,5
BRDA:33,4,0,1
BRDA:33,4,1,3
BRDA:33,5,0,4
BRDA:33,5,1,4
BRDA:43,6,0,1
BRDA:43,6,1,1
BRDA:67,7,0,1
BRDA:67,7,1,4
BRDA:67,8,0,5
BRDA:67,8,1,5
BRDA:70,9,0,1
BRDA:70,9,1,3
BRDA:82,10,0,1
BRDA:82,10,1,1
BRDA:97,11,0,1
BRDA:97,11,1,3
BRDA:97,12,0,4
BRDA:97,12,1,4
BRDA:104,13,0,1
BRDA:104,13,1,1
BRF:28
BRH:28
end_of_record
